<?xml version="1.0" encoding="UTF-8"?>
<coverage generated="1581678046">
  <project timestamp="1581678046">
    <package name="KodeKeep\Flash\Facades">
      <file name="/Users/brian/Code/kodekeep/laravel-flash/src/Facades/Flash.php">
        <class name="KodeKeep\Flash\Facades\Flash" namespace="KodeKeep\Flash\Facades">
          <metrics complexity="1" methods="1" coveredmethods="0" conditionals="0" coveredconditionals="0" statements="1" coveredstatements="0" elements="2" coveredelements="0"/>
        </class>
        <line num="20" type="method" name="getFacadeAccessor" visibility="protected" complexity="1" crap="2" count="0"/>
        <line num="22" type="stmt" count="0"/>
        <metrics loc="24" ncloc="16" classes="1" methods="1" coveredmethods="0" conditionals="0" coveredconditionals="0" statements="1" coveredstatements="0" elements="2" coveredelements="0"/>
      </file>
    </package>
    <package name="KodeKeep\Flash">
      <file name="/Users/brian/Code/kodekeep/laravel-flash/src/Flash.php">
        <class name="KodeKeep\Flash\Flash" namespace="KodeKeep\Flash">
          <metrics complexity="11" methods="6" coveredmethods="5" conditionals="0" coveredconditionals="0" statements="18" coveredstatements="17" elements="24" coveredelements="22"/>
        </class>
        <line num="25" type="method" name="__construct" visibility="public" complexity="1" crap="1" count="6"/>
        <line num="27" type="stmt" count="6"/>
        <line num="28" type="stmt" count="6"/>
        <line num="30" type="method" name="__get" visibility="public" complexity="1" crap="2" count="0"/>
        <line num="32" type="stmt" count="0"/>
        <line num="35" type="method" name="getMessage" visibility="public" complexity="3" crap="3" count="6"/>
        <line num="37" type="stmt" count="6"/>
        <line num="39" type="stmt" count="6"/>
        <line num="40" type="stmt" count="1"/>
        <line num="43" type="stmt" count="5"/>
        <line num="46" type="method" name="flash" visibility="public" complexity="3" crap="3" count="3"/>
        <line num="48" type="stmt" count="3"/>
        <line num="49" type="stmt" count="1"/>
        <line num="51" type="stmt" count="1"/>
        <line num="53" type="stmt" count="1"/>
        <line num="56" type="stmt" count="3"/>
        <line num="57" type="stmt" count="3"/>
        <line num="59" type="method" name="flashMessage" visibility="public" complexity="1" crap="1" count="5"/>
        <line num="61" type="stmt" count="5"/>
        <line num="62" type="stmt" count="5"/>
        <line num="64" type="method" name="levels" visibility="public" complexity="2" crap="2" count="6"/>
        <line num="66" type="stmt" count="6"/>
        <line num="67" type="stmt" count="6"/>
        <line num="69" type="stmt" count="6"/>
        <metrics loc="70" ncloc="62" classes="1" methods="6" coveredmethods="5" conditionals="0" coveredconditionals="0" statements="18" coveredstatements="17" elements="24" coveredelements="22"/>
      </file>
      <file name="/Users/brian/Code/kodekeep/laravel-flash/src/FlashServiceProvider.php">
        <class name="KodeKeep\Flash\FlashServiceProvider" namespace="KodeKeep\Flash">
          <metrics complexity="2" methods="1" coveredmethods="0" conditionals="0" coveredconditionals="0" statements="7" coveredstatements="0" elements="8" coveredelements="0"/>
        </class>
        <line num="20" type="method" name="boot" visibility="public" complexity="2" crap="6" count="0"/>
        <line num="22" type="stmt" count="0"/>
        <line num="24" type="stmt" count="0"/>
        <line num="25" type="stmt" count="0"/>
        <line num="26" type="stmt" count="0"/>
        <line num="27" type="stmt" count="0"/>
        <line num="30" type="stmt" count="0"/>
        <line num="31" type="stmt" count="0"/>
        <metrics loc="32" ncloc="24" classes="1" methods="1" coveredmethods="0" conditionals="0" coveredconditionals="0" statements="7" coveredstatements="0" elements="8" coveredelements="0"/>
      </file>
      <file name="/Users/brian/Code/kodekeep/laravel-flash/src/Message.php">
        <class name="KodeKeep\Flash\Message" namespace="KodeKeep\Flash">
          <metrics complexity="3" methods="2" coveredmethods="0" conditionals="0" coveredconditionals="0" statements="7" coveredstatements="0" elements="9" coveredelements="0"/>
        </class>
        <line num="22" type="method" name="__construct" visibility="public" complexity="2" crap="6" count="0"/>
        <line num="24" type="stmt" count="0"/>
        <line num="25" type="stmt" count="0"/>
        <line num="28" type="stmt" count="0"/>
        <line num="30" type="stmt" count="0"/>
        <line num="31" type="stmt" count="0"/>
        <line num="33" type="method" name="toArray" visibility="public" complexity="1" crap="2" count="0"/>
        <line num="36" type="stmt" count="0"/>
        <line num="37" type="stmt" count="0"/>
        <metrics loc="40" ncloc="32" classes="1" methods="2" coveredmethods="0" conditionals="0" coveredconditionals="0" statements="7" coveredstatements="0" elements="9" coveredelements="0"/>
      </file>
    </package>
    <metrics files="4" loc="166" ncloc="134" classes="4" methods="10" coveredmethods="5" conditionals="0" coveredconditionals="0" statements="33" coveredstatements="17" elements="43" coveredelements="22"/>
  </project>
</coverage>
